2019-04-17 06:03:17 +0000  Initial pipeline context: <IDEDistributionProcessingPipelineContext: 0x7fea22e3a950; archive(resolved)='<IDEArchive: 0x7fea54836bc0>', distributionTask(resolved)='2', distributionDestination(resolved)='1', distributionMethod(resolved)='<IDEDistributionMethodDevelopmentSigned: 0x7fea31b36350>', team(resolved)='<IDEProvisioningDisambiguatableBasicTeam: 0x7fea53267b50; teamID='ST3D4JRYHA', teamName='Skillz Inc', teamType='Enterprise', username='gherlihy+enterprise@skillz.com', isFreeProvisioningTeam='0'>'>
	Chain (12, self inclusive):
	<IDEDistributionProcessingPipelineContext: 0x7fea22e3a950; archive = '<IDEArchive: 0x7fea54836bc0>', distributionMethod='<IDEDistributionMethodDevelopmentSigned: 0x7fea31b36350>', team='<IDEProvisioningDisambiguatableBasicTeam: 0x7fea53267b50; teamID='ST3D4JRYHA', teamName='Skillz Inc', teamType='Enterprise', username='gherlihy+enterprise@skillz.com', isFreeProvisioningTeam='0'>'>
	<IDEDistributionProcessingPipelineContext: 0x7fea22e3af70; archive = '<IDEArchive: 0x7fea54836bc0>', distributionMethod='<IDEDistributionMethodDevelopmentSigned: 0x7fea31b36350>', team='<IDEProvisioningDisambiguatableBasicTeam: 0x7fea53267b50; teamID='ST3D4JRYHA', teamName='Skillz Inc', teamType='Enterprise', username='gherlihy+enterprise@skillz.com', isFreeProvisioningTeam='0'>'>
	<IDEDistributionContext: 0x7fea20090e10; archive = '<IDEArchive: 0x7fea54836bc0>', distributionMethod='<IDEDistributionMethodDevelopmentSigned: 0x7fea31b36350>', team='<IDEProvisioningDisambiguatableBasicTeam: 0x7fea53267b50; teamID='ST3D4JRYHA', teamName='Skillz Inc', teamType='Enterprise', username='gherlihy+enterprise@skillz.com', isFreeProvisioningTeam='0'>'>
	<IDEDistributionContext: 0x7fea214bcb50; archive = '<IDEArchive: 0x7fea54836bc0>', distributionMethod='<IDEDistributionMethodDevelopmentSigned: 0x7fea31b36350>', team='<IDEProvisioningDisambiguatableBasicTeam: 0x7fea53267b50; teamID='ST3D4JRYHA', teamName='Skillz Inc', teamType='Enterprise', username='gherlihy+enterprise@skillz.com', isFreeProvisioningTeam='0'>'>
	<IDEDistributionContext: 0x7fea22d36ac0; archive = '<IDEArchive: 0x7fea54836bc0>', distributionMethod='<IDEDistributionMethodDevelopmentSigned: 0x7fea31b36350>', team='<IDEProvisioningDisambiguatableBasicTeam: 0x7fea53267b50; teamID='ST3D4JRYHA', teamName='Skillz Inc', teamType='Enterprise', username='gherlihy+enterprise@skillz.com', isFreeProvisioningTeam='0'>'>
	<IDEDistributionContext: 0x7fea2b1e7ab0; archive = '<IDEArchive: 0x7fea54836bc0>', distributionMethod='<IDEDistributionMethodDevelopmentSigned: 0x7fea31b36350>', team='<IDEProvisioningDisambiguatableBasicTeam: 0x7fea53267b50; teamID='ST3D4JRYHA', teamName='Skillz Inc', teamType='Enterprise', username='gherlihy+enterprise@skillz.com', isFreeProvisioningTeam='0'>'>
	<IDEDistributionContext: 0x7fea1b197d10; archive = '<IDEArchive: 0x7fea54836bc0>', distributionMethod='<IDEDistributionMethodDevelopmentSigned: 0x7fea31b36350>', team='<IDEProvisioningDisambiguatableBasicTeam: 0x7fea53267b50; teamID='ST3D4JRYHA', teamName='Skillz Inc', teamType='Enterprise', username='gherlihy+enterprise@skillz.com', isFreeProvisioningTeam='0'>'>
	<IDEDistributionContext: 0x7fea533c4d40; archive = '<IDEArchive: 0x7fea54836bc0>', distributionMethod='<IDEDistributionMethodDevelopmentSigned: 0x7fea31b36350>', team='<IDEProvisioningDisambiguatableBasicTeam: 0x7fea53267b50; teamID='ST3D4JRYHA', teamName='Skillz Inc', teamType='Enterprise', username='gherlihy+enterprise@skillz.com', isFreeProvisioningTeam='0'>'>
	<IDEDistributionContext: 0x7fea217b20f0; archive = '<IDEArchive: 0x7fea54836bc0>', distributionMethod='<IDEDistributionMethodDevelopmentSigned: 0x7fea31b36350>', team='<IDEProvisioningDisambiguatableBasicTeam: 0x7fea53267b50; teamID='ST3D4JRYHA', teamName='Skillz Inc', teamType='Enterprise', username='gherlihy+enterprise@skillz.com', isFreeProvisioningTeam='0'>'>
	<IDEDistributionContext: 0x7fea3e4ebae0; archive = '<IDEArchive: 0x7fea54836bc0>', distributionMethod='<IDEDistributionMethodDevelopmentSigned: 0x7fea31b36350>', team='(null)'>
	<IDEDistributionContext: 0x7fea2c108c50; archive = '<IDEArchive: 0x7fea54836bc0>', distributionMethod='<IDEDistributionMethodDevelopmentSigned: 0x7fea31b36350>', team='(null)'>
	<IDEDistributionContext: 0x7fea3a1be760; archive = '<IDEArchive: 0x7fea54836bc0>', distributionMethod='(null)', team='(null)'>
</IDEDistributionProcessingPipelineContext: 0x7fea22e3a950>
2019-04-17 06:03:17 +0000  Processing step: IDEDistributionCreateDestRootStep
2019-04-17 06:03:17 +0000  Processing step: IDEDistributionCopyItemStep
2019-04-17 06:03:17 +0000  Running /usr/bin/ditto '-V' '/Users/gherlihy/Library/Developer/Xcode/Archives/2019-04-16/SkillzApp 4-16-19, 11.00 PM.xcarchive/Products/Applications/SkillzApp.app' '/var/folders/pv/snt__jps4z75hwslp14yrbhr0000gp/T/XcodeDistPipeline.~~~IQgl5G/Root/Payload/SkillzApp.app'
2019-04-17 06:03:17 +0000  >>> Copying /Users/gherlihy/Library/Developer/Xcode/Archives/2019-04-16/SkillzApp 4-16-19, 11.00 PM.xcarchive/Products/Applications/SkillzApp.app 
2019-04-17 06:03:17 +0000  copying file ./_CodeSignature/CodeResources ... 
2019-04-17 06:03:17 +0000  7787 bytes for ./_CodeSignature/CodeResources
2019-04-17 06:03:17 +0000  copying file ./LICENSE.md ... 
2019-04-17 06:03:17 +0000  1078 bytes for ./LICENSE.md
2019-04-17 06:03:17 +0000  copying file ./AppIcon60x60@2x.png ... 
2019-04-17 06:03:17 +0000  933 bytes for ./AppIcon60x60@2x.png
2019-04-17 06:03:17 +0000  copying file ./Base.lproj/Main.storyboardc/UIViewController-BYZ-38-t0r.nib ... 
2019-04-17 06:03:17 +0000  1499 bytes for ./Base.lproj/Main.storyboardc/UIViewController-BYZ-38-t0r.nib
2019-04-17 06:03:17 +0000  copying file ./Base.lproj/Main.storyboardc/BYZ-38-t0r-view-8bC-Xf-vdC.nib ... 
2019-04-17 06:03:17 +0000  10456 bytes for ./Base.lproj/Main.storyboardc/BYZ-38-t0r-view-8bC-Xf-vdC.nib
2019-04-17 06:03:17 +0000  copying file ./Base.lproj/Main.storyboardc/Info.plist ... 
2019-04-17 06:03:17 +0000  258 bytes for ./Base.lproj/Main.storyboardc/Info.plist
2019-04-17 06:03:17 +0000  copying file ./Base.lproj/LaunchScreen.storyboardc/01J-lp-oVM-view-Ze5-6b-2t3.nib ... 
2019-04-17 06:03:17 +0000  1149 bytes for ./Base.lproj/LaunchScreen.storyboardc/01J-lp-oVM-view-Ze5-6b-2t3.nib
2019-04-17 06:03:17 +0000  copying file ./Base.lproj/LaunchScreen.storyboardc/UIViewController-01J-lp-oVM.nib ... 
2019-04-17 06:03:17 +0000  832 bytes for ./Base.lproj/LaunchScreen.storyboardc/UIViewController-01J-lp-oVM.nib
copying file ./Base.lproj/LaunchScreen.storyboardc/Info.plist ... 
2019-04-17 06:03:17 +0000  258 bytes for ./Base.lproj/LaunchScreen.storyboardc/Info.plist
2019-04-17 06:03:17 +0000  copying file ./Assets.car ... 
2019-04-17 06:03:17 +0000  471512 bytes for ./Assets.car
2019-04-17 06:03:17 +0000  copying file ./AppIcon76x76@2x~ipad.png ... 
2019-04-17 06:03:17 +0000  968 bytes for ./AppIcon76x76@2x~ipad.png
2019-04-17 06:03:17 +0000  copying file ./SkillzApp ... 
2019-04-17 06:03:17 +0000  432704 bytes for ./SkillzApp
2019-04-17 06:03:17 +0000  copying file ./Frameworks/libswiftCoreImage.dylib ... 
2019-04-17 06:03:17 +0000  466576 bytes for ./Frameworks/libswiftCoreImage.dylib
2019-04-17 06:03:17 +0000  copying file ./Frameworks/libswiftObjectiveC.dylib ... 
2019-04-17 06:03:17 +0000  679680 bytes for ./Frameworks/libswiftObjectiveC.dylib
2019-04-17 06:03:17 +0000  copying file ./Frameworks/libswiftCore.dylib ... 
2019-04-17 06:03:17 +0000  95497584 bytes for ./Frameworks/libswiftCore.dylib
2019-04-17 06:03:17 +0000  copying file ./Frameworks/libswiftCoreGraphics.dylib ... 
2041040 bytes for ./Frameworks/libswiftCoreGraphics.dylib
copying file ./Frameworks/libswiftUIKit.dylib ... 
2019-04-17 06:03:17 +0000  1608800 bytes for ./Frameworks/libswiftUIKit.dylib
2019-04-17 06:03:17 +0000  copying file ./Frameworks/libswiftMetal.dylib ... 
2019-04-17 06:03:17 +0000  724416 bytes for ./Frameworks/libswiftMetal.dylib
2019-04-17 06:03:17 +0000  copying file ./Frameworks/libswiftDispatch.dylib ... 
2019-04-17 06:03:17 +0000  4056912 bytes for ./Frameworks/libswiftDispatch.dylib
2019-04-17 06:03:17 +0000  copying file ./Frameworks/libswiftos.dylib ... 
857184 bytes for ./Frameworks/libswiftos.dylib
copying file ./Frameworks/libswiftCoreFoundation.dylib ... 
2019-04-17 06:03:17 +0000  450384 bytes for ./Frameworks/libswiftCoreFoundation.dylib
2019-04-17 06:03:17 +0000  copying file ./Frameworks/libswiftDarwin.dylib ... 
2019-04-17 06:03:17 +0000  1091440 bytes for ./Frameworks/libswiftDarwin.dylib
2019-04-17 06:03:17 +0000  copying file ./Frameworks/libswiftQuartzCore.dylib ... 
2019-04-17 06:03:17 +0000  486352 bytes for ./Frameworks/libswiftQuartzCore.dylib
2019-04-17 06:03:17 +0000  copying file ./Frameworks/libswiftFoundation.dylib ... 
2019-04-17 06:03:17 +0000  43094320 bytes for ./Frameworks/libswiftFoundation.dylib
2019-04-17 06:03:17 +0000  /usr/bin/ditto exited with 0
2019-04-17 06:03:17 +0000  copying file ./embedded.mobileprovision ... 
29990 bytes for ./embedded.mobileprovision
copying file ./Info.plist ... 
1520 bytes for ./Info.plist
copying file ./PkgInfo ... 
8 bytes for ./PkgInfo
2019-04-17 06:03:17 +0000  Processing step: IDEDistributionEmbedProfileStep
2019-04-17 06:03:17 +0000  Skipping profile for item: <IDEDistributionItem: 0x7fea218b4b50 'com.apple.dt.runtime.swiftCore' '<DVTFilePath:0x7fea45456f50:'/Users/gherlihy/Library/Developer/Xcode/Archives/2019-04-16/SkillzApp 4-16-19, 11.00 PM.xcarchive/Products/Applications/SkillzApp.app/Frameworks/libswiftCore.dylib'>'>
2019-04-17 06:03:17 +0000  Skipping profile for item: <IDEDistributionItem: 0x7fea2b515610 'com.apple.dt.runtime.swiftCoreFoundation' '<DVTFilePath:0x7fea40da3340:'/Users/gherlihy/Library/Developer/Xcode/Archives/2019-04-16/SkillzApp 4-16-19, 11.00 PM.xcarchive/Products/Applications/SkillzApp.app/Frameworks/libswiftCoreFoundation.dylib'>'>
2019-04-17 06:03:17 +0000  Skipping profile for item: <IDEDistributionItem: 0x7fea26e2e650 'com.apple.dt.runtime.swiftCoreGraphics' '<DVTFilePath:0x7fea223cc640:'/Users/gherlihy/Library/Developer/Xcode/Archives/2019-04-16/SkillzApp 4-16-19, 11.00 PM.xcarchive/Products/Applications/SkillzApp.app/Frameworks/libswiftCoreGraphics.dylib'>'>
2019-04-17 06:03:17 +0000  Skipping profile for item: <IDEDistributionItem: 0x7fea17e9b020 'com.apple.dt.runtime.swiftCoreImage' '<DVTFilePath:0x7fea22423640:'/Users/gherlihy/Library/Developer/Xcode/Archives/2019-04-16/SkillzApp 4-16-19, 11.00 PM.xcarchive/Products/Applications/SkillzApp.app/Frameworks/libswiftCoreImage.dylib'>'>
2019-04-17 06:03:17 +0000  Skipping profile for item: <IDEDistributionItem: 0x7fea3a143110 'com.apple.dt.runtime.swiftDarwin' '<DVTFilePath:0x7fea209e3600:'/Users/gherlihy/Library/Developer/Xcode/Archives/2019-04-16/SkillzApp 4-16-19, 11.00 PM.xcarchive/Products/Applications/SkillzApp.app/Frameworks/libswiftDarwin.dylib'>'>
2019-04-17 06:03:17 +0000  Skipping profile for item: <IDEDistributionItem: 0x7fea22b3e420 'com.apple.dt.runtime.swiftDispatch' '<DVTFilePath:0x7fea512d3dc0:'/Users/gherlihy/Library/Developer/Xcode/Archives/2019-04-16/SkillzApp 4-16-19, 11.00 PM.xcarchive/Products/Applications/SkillzApp.app/Frameworks/libswiftDispatch.dylib'>'>
2019-04-17 06:03:17 +0000  Skipping profile for item: <IDEDistributionItem: 0x7fea5308aad0 'com.apple.dt.runtime.swiftFoundation' '<DVTFilePath:0x7fea47117980:'/Users/gherlihy/Library/Developer/Xcode/Archives/2019-04-16/SkillzApp 4-16-19, 11.00 PM.xcarchive/Products/Applications/SkillzApp.app/Frameworks/libswiftFoundation.dylib'>'>
2019-04-17 06:03:17 +0000  Skipping profile for item: <IDEDistributionItem: 0x7fea22c8a4b0 'com.apple.dt.runtime.swiftMetal' '<DVTFilePath:0x7fea156608f0:'/Users/gherlihy/Library/Developer/Xcode/Archives/2019-04-16/SkillzApp 4-16-19, 11.00 PM.xcarchive/Products/Applications/SkillzApp.app/Frameworks/libswiftMetal.dylib'>'>
2019-04-17 06:03:17 +0000  Skipping profile for item: <IDEDistributionItem: 0x7fea3557f950 'com.apple.dt.runtime.swiftObjectiveC' '<DVTFilePath:0x7fea220502b0:'/Users/gherlihy/Library/Developer/Xcode/Archives/2019-04-16/SkillzApp 4-16-19, 11.00 PM.xcarchive/Products/Applications/SkillzApp.app/Frameworks/libswiftObjectiveC.dylib'>'>
2019-04-17 06:03:17 +0000  Skipping profile for item: <IDEDistributionItem: 0x7fea20aa0d00 'com.apple.dt.runtime.swiftQuartzCore' '<DVTFilePath:0x7fea20ae8500:'/Users/gherlihy/Library/Developer/Xcode/Archives/2019-04-16/SkillzApp 4-16-19, 11.00 PM.xcarchive/Products/Applications/SkillzApp.app/Frameworks/libswiftQuartzCore.dylib'>'>
2019-04-17 06:03:17 +0000  Skipping profile for item: <IDEDistributionItem: 0x7fea2b0128c0 'com.apple.dt.runtime.swiftUIKit' '<DVTFilePath:0x7fea222f8180:'/Users/gherlihy/Library/Developer/Xcode/Archives/2019-04-16/SkillzApp 4-16-19, 11.00 PM.xcarchive/Products/Applications/SkillzApp.app/Frameworks/libswiftUIKit.dylib'>'>
2019-04-17 06:03:17 +0000  Skipping profile for item: <IDEDistributionItem: 0x7fea41a4b010 'com.apple.dt.runtime.swiftos' '<DVTFilePath:0x7fea40b997e0:'/Users/gherlihy/Library/Developer/Xcode/Archives/2019-04-16/SkillzApp 4-16-19, 11.00 PM.xcarchive/Products/Applications/SkillzApp.app/Frameworks/libswiftos.dylib'>'>
2019-04-17 06:03:17 +0000  Processing step: IDEDistributionAppThinningPlistStep
2019-04-17 06:03:17 +0000  Processing step: IDEDistributionCompileBitcodeStep
2019-04-17 06:03:17 +0000  Skipping step: IDEDistributionCompileBitcodeStep because it said so
2019-04-17 06:03:17 +0000  Processing step: IDEDistributionCodeSlimmingStep
2019-04-17 06:03:17 +0000  Processing step: IDEDistributionCopyBCSymbolMapsStep
2019-04-17 06:03:17 +0000  Skipping step: IDEDistributionCopyBCSymbolMapsStep because it said so
2019-04-17 06:03:17 +0000  Skipping step: IDEDistributionCopyBCSymbolMapsStep because it said so
2019-04-17 06:03:17 +0000  Skipping step: IDEDistributionCopyBCSymbolMapsStep because it said so
2019-04-17 06:03:17 +0000  Skipping step: IDEDistributionCopyBCSymbolMapsStep because it said so
2019-04-17 06:03:17 +0000  Skipping step: IDEDistributionCopyBCSymbolMapsStep because it said so
2019-04-17 06:03:17 +0000  Skipping step: IDEDistributionCopyBCSymbolMapsStep because it said so
2019-04-17 06:03:17 +0000  Skipping step: IDEDistributionCopyBCSymbolMapsStep because it said so
2019-04-17 06:03:17 +0000  Skipping step: IDEDistributionCopyBCSymbolMapsStep because it said so
2019-04-17 06:03:17 +0000  Skipping step: IDEDistributionCopyBCSymbolMapsStep because it said so
2019-04-17 06:03:17 +0000  Skipping step: IDEDistributionCopyBCSymbolMapsStep because it said so
2019-04-17 06:03:17 +0000  Skipping step: IDEDistributionCopyBCSymbolMapsStep because it said so
2019-04-17 06:03:17 +0000  Skipping step: IDEDistributionCopyBCSymbolMapsStep because it said so
2019-04-17 06:03:17 +0000  Skipping step: IDEDistributionCopyBCSymbolMapsStep because it said so
2019-04-17 06:03:17 +0000  Processing step: IDEDistributionSymbolsStep
2019-04-17 06:03:17 +0000  Skipping step: IDEDistributionSymbolsStep because it said so
2019-04-17 06:03:17 +0000  Skipping step: IDEDistributionSymbolsStep because it said so
2019-04-17 06:03:17 +0000  Skipping step: IDEDistributionSymbolsStep because it said so
2019-04-17 06:03:17 +0000  Skipping step: IDEDistributionSymbolsStep because it said so
2019-04-17 06:03:17 +0000  Skipping step: IDEDistributionSymbolsStep because it said so
2019-04-17 06:03:17 +0000  Skipping step: IDEDistributionSymbolsStep because it said so
2019-04-17 06:03:17 +0000  Skipping step: IDEDistributionSymbolsStep because it said so
2019-04-17 06:03:17 +0000  Skipping step: IDEDistributionSymbolsStep because it said so
2019-04-17 06:03:17 +0000  Skipping step: IDEDistributionSymbolsStep because it said so
2019-04-17 06:03:17 +0000  Skipping step: IDEDistributionSymbolsStep because it said so
2019-04-17 06:03:17 +0000  Skipping step: IDEDistributionSymbolsStep because it said so
2019-04-17 06:03:17 +0000  Skipping step: IDEDistributionSymbolsStep because it said so
2019-04-17 06:03:17 +0000  Skipping step: IDEDistributionSymbolsStep because it said so
2019-04-17 06:03:17 +0000  Processing step: IDEDistributionAppThinningStep
2019-04-17 06:03:17 +0000  Skipping step: IDEDistributionAppThinningStep because it said so
2019-04-17 06:03:17 +0000  Processing step: IDEDistributionArchThinningStep
2019-04-17 06:03:17 +0000  Running /Applications/Xcode.app/Contents/Developer/Toolchains/XcodeDefault.xctoolchain/usr/bin/lipo '/var/folders/pv/snt__jps4z75hwslp14yrbhr0000gp/T/XcodeDistPipeline.~~~IQgl5G/Root/Payload/SkillzApp.app/Frameworks/libswiftCore.dylib' '-verify_arch' 'arm64e'
2019-04-17 06:03:17 +0000  /Applications/Xcode.app/Contents/Developer/Toolchains/XcodeDefault.xctoolchain/usr/bin/lipo exited with 0
2019-04-17 06:03:17 +0000  Running /Applications/Xcode.app/Contents/Developer/Toolchains/XcodeDefault.xctoolchain/usr/bin/lipo '/var/folders/pv/snt__jps4z75hwslp14yrbhr0000gp/T/XcodeDistPipeline.~~~IQgl5G/Root/Payload/SkillzApp.app/Frameworks/libswiftCore.dylib' '-remove' 'arm64e' '-output' '/var/folders/pv/snt__jps4z75hwslp14yrbhr0000gp/T/XcodeDistPipeline.~~~IQgl5G/Root/Payload/SkillzApp.app/Frameworks/libswiftCore.dylib'
2019-04-17 06:03:17 +0000  /Applications/Xcode.app/Contents/Developer/Toolchains/XcodeDefault.xctoolchain/usr/bin/lipo exited with 0
2019-04-17 06:03:17 +0000  Successfully thinned item "libswiftCore.dylib", arch "arm64e"
2019-04-17 06:03:17 +0000  Running /Applications/Xcode.app/Contents/Developer/Toolchains/XcodeDefault.xctoolchain/usr/bin/lipo '/var/folders/pv/snt__jps4z75hwslp14yrbhr0000gp/T/XcodeDistPipeline.~~~IQgl5G/Root/Payload/SkillzApp.app/Frameworks/libswiftCoreFoundation.dylib' '-verify_arch' 'arm64e'
2019-04-17 06:03:17 +0000  /Applications/Xcode.app/Contents/Developer/Toolchains/XcodeDefault.xctoolchain/usr/bin/lipo exited with 0
2019-04-17 06:03:17 +0000  Running /Applications/Xcode.app/Contents/Developer/Toolchains/XcodeDefault.xctoolchain/usr/bin/lipo '/var/folders/pv/snt__jps4z75hwslp14yrbhr0000gp/T/XcodeDistPipeline.~~~IQgl5G/Root/Payload/SkillzApp.app/Frameworks/libswiftCoreFoundation.dylib' '-remove' 'arm64e' '-output' '/var/folders/pv/snt__jps4z75hwslp14yrbhr0000gp/T/XcodeDistPipeline.~~~IQgl5G/Root/Payload/SkillzApp.app/Frameworks/libswiftCoreFoundation.dylib'
2019-04-17 06:03:17 +0000  /Applications/Xcode.app/Contents/Developer/Toolchains/XcodeDefault.xctoolchain/usr/bin/lipo exited with 0
2019-04-17 06:03:17 +0000  Successfully thinned item "libswiftCoreFoundation.dylib", arch "arm64e"
2019-04-17 06:03:17 +0000  Running /Applications/Xcode.app/Contents/Developer/Toolchains/XcodeDefault.xctoolchain/usr/bin/lipo '/var/folders/pv/snt__jps4z75hwslp14yrbhr0000gp/T/XcodeDistPipeline.~~~IQgl5G/Root/Payload/SkillzApp.app/Frameworks/libswiftCoreGraphics.dylib' '-verify_arch' 'arm64e'
2019-04-17 06:03:17 +0000  /Applications/Xcode.app/Contents/Developer/Toolchains/XcodeDefault.xctoolchain/usr/bin/lipo exited with 0
2019-04-17 06:03:17 +0000  Running /Applications/Xcode.app/Contents/Developer/Toolchains/XcodeDefault.xctoolchain/usr/bin/lipo '/var/folders/pv/snt__jps4z75hwslp14yrbhr0000gp/T/XcodeDistPipeline.~~~IQgl5G/Root/Payload/SkillzApp.app/Frameworks/libswiftCoreGraphics.dylib' '-remove' 'arm64e' '-output' '/var/folders/pv/snt__jps4z75hwslp14yrbhr0000gp/T/XcodeDistPipeline.~~~IQgl5G/Root/Payload/SkillzApp.app/Frameworks/libswiftCoreGraphics.dylib'
2019-04-17 06:03:17 +0000  /Applications/Xcode.app/Contents/Developer/Toolchains/XcodeDefault.xctoolchain/usr/bin/lipo exited with 0
2019-04-17 06:03:17 +0000  Successfully thinned item "libswiftCoreGraphics.dylib", arch "arm64e"
2019-04-17 06:03:17 +0000  Running /Applications/Xcode.app/Contents/Developer/Toolchains/XcodeDefault.xctoolchain/usr/bin/lipo '/var/folders/pv/snt__jps4z75hwslp14yrbhr0000gp/T/XcodeDistPipeline.~~~IQgl5G/Root/Payload/SkillzApp.app/Frameworks/libswiftCoreImage.dylib' '-verify_arch' 'arm64e'
2019-04-17 06:03:17 +0000  /Applications/Xcode.app/Contents/Developer/Toolchains/XcodeDefault.xctoolchain/usr/bin/lipo exited with 0
2019-04-17 06:03:17 +0000  Running /Applications/Xcode.app/Contents/Developer/Toolchains/XcodeDefault.xctoolchain/usr/bin/lipo '/var/folders/pv/snt__jps4z75hwslp14yrbhr0000gp/T/XcodeDistPipeline.~~~IQgl5G/Root/Payload/SkillzApp.app/Frameworks/libswiftCoreImage.dylib' '-remove' 'arm64e' '-output' '/var/folders/pv/snt__jps4z75hwslp14yrbhr0000gp/T/XcodeDistPipeline.~~~IQgl5G/Root/Payload/SkillzApp.app/Frameworks/libswiftCoreImage.dylib'
2019-04-17 06:03:17 +0000  /Applications/Xcode.app/Contents/Developer/Toolchains/XcodeDefault.xctoolchain/usr/bin/lipo exited with 0
2019-04-17 06:03:17 +0000  Successfully thinned item "libswiftCoreImage.dylib", arch "arm64e"
2019-04-17 06:03:17 +0000  Running /Applications/Xcode.app/Contents/Developer/Toolchains/XcodeDefault.xctoolchain/usr/bin/lipo '/var/folders/pv/snt__jps4z75hwslp14yrbhr0000gp/T/XcodeDistPipeline.~~~IQgl5G/Root/Payload/SkillzApp.app/Frameworks/libswiftDarwin.dylib' '-verify_arch' 'arm64e'
2019-04-17 06:03:17 +0000  /Applications/Xcode.app/Contents/Developer/Toolchains/XcodeDefault.xctoolchain/usr/bin/lipo exited with 0
2019-04-17 06:03:17 +0000  Running /Applications/Xcode.app/Contents/Developer/Toolchains/XcodeDefault.xctoolchain/usr/bin/lipo '/var/folders/pv/snt__jps4z75hwslp14yrbhr0000gp/T/XcodeDistPipeline.~~~IQgl5G/Root/Payload/SkillzApp.app/Frameworks/libswiftDarwin.dylib' '-remove' 'arm64e' '-output' '/var/folders/pv/snt__jps4z75hwslp14yrbhr0000gp/T/XcodeDistPipeline.~~~IQgl5G/Root/Payload/SkillzApp.app/Frameworks/libswiftDarwin.dylib'
2019-04-17 06:03:17 +0000  /Applications/Xcode.app/Contents/Developer/Toolchains/XcodeDefault.xctoolchain/usr/bin/lipo exited with 0
2019-04-17 06:03:17 +0000  Successfully thinned item "libswiftDarwin.dylib", arch "arm64e"
2019-04-17 06:03:17 +0000  Running /Applications/Xcode.app/Contents/Developer/Toolchains/XcodeDefault.xctoolchain/usr/bin/lipo '/var/folders/pv/snt__jps4z75hwslp14yrbhr0000gp/T/XcodeDistPipeline.~~~IQgl5G/Root/Payload/SkillzApp.app/Frameworks/libswiftDispatch.dylib' '-verify_arch' 'arm64e'
2019-04-17 06:03:17 +0000  /Applications/Xcode.app/Contents/Developer/Toolchains/XcodeDefault.xctoolchain/usr/bin/lipo exited with 0
2019-04-17 06:03:17 +0000  Running /Applications/Xcode.app/Contents/Developer/Toolchains/XcodeDefault.xctoolchain/usr/bin/lipo '/var/folders/pv/snt__jps4z75hwslp14yrbhr0000gp/T/XcodeDistPipeline.~~~IQgl5G/Root/Payload/SkillzApp.app/Frameworks/libswiftDispatch.dylib' '-remove' 'arm64e' '-output' '/var/folders/pv/snt__jps4z75hwslp14yrbhr0000gp/T/XcodeDistPipeline.~~~IQgl5G/Root/Payload/SkillzApp.app/Frameworks/libswiftDispatch.dylib'
2019-04-17 06:03:17 +0000  /Applications/Xcode.app/Contents/Developer/Toolchains/XcodeDefault.xctoolchain/usr/bin/lipo exited with 0
2019-04-17 06:03:17 +0000  Successfully thinned item "libswiftDispatch.dylib", arch "arm64e"
2019-04-17 06:03:17 +0000  Running /Applications/Xcode.app/Contents/Developer/Toolchains/XcodeDefault.xctoolchain/usr/bin/lipo '/var/folders/pv/snt__jps4z75hwslp14yrbhr0000gp/T/XcodeDistPipeline.~~~IQgl5G/Root/Payload/SkillzApp.app/Frameworks/libswiftFoundation.dylib' '-verify_arch' 'arm64e'
2019-04-17 06:03:17 +0000  /Applications/Xcode.app/Contents/Developer/Toolchains/XcodeDefault.xctoolchain/usr/bin/lipo exited with 0
2019-04-17 06:03:17 +0000  Running /Applications/Xcode.app/Contents/Developer/Toolchains/XcodeDefault.xctoolchain/usr/bin/lipo '/var/folders/pv/snt__jps4z75hwslp14yrbhr0000gp/T/XcodeDistPipeline.~~~IQgl5G/Root/Payload/SkillzApp.app/Frameworks/libswiftFoundation.dylib' '-remove' 'arm64e' '-output' '/var/folders/pv/snt__jps4z75hwslp14yrbhr0000gp/T/XcodeDistPipeline.~~~IQgl5G/Root/Payload/SkillzApp.app/Frameworks/libswiftFoundation.dylib'
2019-04-17 06:03:17 +0000  /Applications/Xcode.app/Contents/Developer/Toolchains/XcodeDefault.xctoolchain/usr/bin/lipo exited with 0
2019-04-17 06:03:17 +0000  Successfully thinned item "libswiftFoundation.dylib", arch "arm64e"
2019-04-17 06:03:17 +0000  Running /Applications/Xcode.app/Contents/Developer/Toolchains/XcodeDefault.xctoolchain/usr/bin/lipo '/var/folders/pv/snt__jps4z75hwslp14yrbhr0000gp/T/XcodeDistPipeline.~~~IQgl5G/Root/Payload/SkillzApp.app/Frameworks/libswiftMetal.dylib' '-verify_arch' 'arm64e'
2019-04-17 06:03:17 +0000  /Applications/Xcode.app/Contents/Developer/Toolchains/XcodeDefault.xctoolchain/usr/bin/lipo exited with 0
2019-04-17 06:03:17 +0000  Running /Applications/Xcode.app/Contents/Developer/Toolchains/XcodeDefault.xctoolchain/usr/bin/lipo '/var/folders/pv/snt__jps4z75hwslp14yrbhr0000gp/T/XcodeDistPipeline.~~~IQgl5G/Root/Payload/SkillzApp.app/Frameworks/libswiftMetal.dylib' '-remove' 'arm64e' '-output' '/var/folders/pv/snt__jps4z75hwslp14yrbhr0000gp/T/XcodeDistPipeline.~~~IQgl5G/Root/Payload/SkillzApp.app/Frameworks/libswiftMetal.dylib'
2019-04-17 06:03:17 +0000  /Applications/Xcode.app/Contents/Developer/Toolchains/XcodeDefault.xctoolchain/usr/bin/lipo exited with 0
2019-04-17 06:03:17 +0000  Successfully thinned item "libswiftMetal.dylib", arch "arm64e"
2019-04-17 06:03:17 +0000  Running /Applications/Xcode.app/Contents/Developer/Toolchains/XcodeDefault.xctoolchain/usr/bin/lipo '/var/folders/pv/snt__jps4z75hwslp14yrbhr0000gp/T/XcodeDistPipeline.~~~IQgl5G/Root/Payload/SkillzApp.app/Frameworks/libswiftObjectiveC.dylib' '-verify_arch' 'arm64e'
2019-04-17 06:03:17 +0000  /Applications/Xcode.app/Contents/Developer/Toolchains/XcodeDefault.xctoolchain/usr/bin/lipo exited with 0
2019-04-17 06:03:17 +0000  Running /Applications/Xcode.app/Contents/Developer/Toolchains/XcodeDefault.xctoolchain/usr/bin/lipo '/var/folders/pv/snt__jps4z75hwslp14yrbhr0000gp/T/XcodeDistPipeline.~~~IQgl5G/Root/Payload/SkillzApp.app/Frameworks/libswiftObjectiveC.dylib' '-remove' 'arm64e' '-output' '/var/folders/pv/snt__jps4z75hwslp14yrbhr0000gp/T/XcodeDistPipeline.~~~IQgl5G/Root/Payload/SkillzApp.app/Frameworks/libswiftObjectiveC.dylib'
2019-04-17 06:03:17 +0000  /Applications/Xcode.app/Contents/Developer/Toolchains/XcodeDefault.xctoolchain/usr/bin/lipo exited with 0
2019-04-17 06:03:17 +0000  Successfully thinned item "libswiftObjectiveC.dylib", arch "arm64e"
2019-04-17 06:03:17 +0000  Running /Applications/Xcode.app/Contents/Developer/Toolchains/XcodeDefault.xctoolchain/usr/bin/lipo '/var/folders/pv/snt__jps4z75hwslp14yrbhr0000gp/T/XcodeDistPipeline.~~~IQgl5G/Root/Payload/SkillzApp.app/Frameworks/libswiftQuartzCore.dylib' '-verify_arch' 'arm64e'
2019-04-17 06:03:17 +0000  /Applications/Xcode.app/Contents/Developer/Toolchains/XcodeDefault.xctoolchain/usr/bin/lipo exited with 0
2019-04-17 06:03:17 +0000  Running /Applications/Xcode.app/Contents/Developer/Toolchains/XcodeDefault.xctoolchain/usr/bin/lipo '/var/folders/pv/snt__jps4z75hwslp14yrbhr0000gp/T/XcodeDistPipeline.~~~IQgl5G/Root/Payload/SkillzApp.app/Frameworks/libswiftQuartzCore.dylib' '-remove' 'arm64e' '-output' '/var/folders/pv/snt__jps4z75hwslp14yrbhr0000gp/T/XcodeDistPipeline.~~~IQgl5G/Root/Payload/SkillzApp.app/Frameworks/libswiftQuartzCore.dylib'
2019-04-17 06:03:17 +0000  /Applications/Xcode.app/Contents/Developer/Toolchains/XcodeDefault.xctoolchain/usr/bin/lipo exited with 0
2019-04-17 06:03:17 +0000  Successfully thinned item "libswiftQuartzCore.dylib", arch "arm64e"
2019-04-17 06:03:17 +0000  Running /Applications/Xcode.app/Contents/Developer/Toolchains/XcodeDefault.xctoolchain/usr/bin/lipo '/var/folders/pv/snt__jps4z75hwslp14yrbhr0000gp/T/XcodeDistPipeline.~~~IQgl5G/Root/Payload/SkillzApp.app/Frameworks/libswiftUIKit.dylib' '-verify_arch' 'arm64e'
2019-04-17 06:03:17 +0000  /Applications/Xcode.app/Contents/Developer/Toolchains/XcodeDefault.xctoolchain/usr/bin/lipo exited with 0
2019-04-17 06:03:17 +0000  Running /Applications/Xcode.app/Contents/Developer/Toolchains/XcodeDefault.xctoolchain/usr/bin/lipo '/var/folders/pv/snt__jps4z75hwslp14yrbhr0000gp/T/XcodeDistPipeline.~~~IQgl5G/Root/Payload/SkillzApp.app/Frameworks/libswiftUIKit.dylib' '-remove' 'arm64e' '-output' '/var/folders/pv/snt__jps4z75hwslp14yrbhr0000gp/T/XcodeDistPipeline.~~~IQgl5G/Root/Payload/SkillzApp.app/Frameworks/libswiftUIKit.dylib'
2019-04-17 06:03:17 +0000  /Applications/Xcode.app/Contents/Developer/Toolchains/XcodeDefault.xctoolchain/usr/bin/lipo exited with 0
2019-04-17 06:03:17 +0000  Successfully thinned item "libswiftUIKit.dylib", arch "arm64e"
2019-04-17 06:03:17 +0000  Running /Applications/Xcode.app/Contents/Developer/Toolchains/XcodeDefault.xctoolchain/usr/bin/lipo '/var/folders/pv/snt__jps4z75hwslp14yrbhr0000gp/T/XcodeDistPipeline.~~~IQgl5G/Root/Payload/SkillzApp.app/Frameworks/libswiftos.dylib' '-verify_arch' 'arm64e'
2019-04-17 06:03:17 +0000  /Applications/Xcode.app/Contents/Developer/Toolchains/XcodeDefault.xctoolchain/usr/bin/lipo exited with 0
2019-04-17 06:03:17 +0000  Running /Applications/Xcode.app/Contents/Developer/Toolchains/XcodeDefault.xctoolchain/usr/bin/lipo '/var/folders/pv/snt__jps4z75hwslp14yrbhr0000gp/T/XcodeDistPipeline.~~~IQgl5G/Root/Payload/SkillzApp.app/Frameworks/libswiftos.dylib' '-remove' 'arm64e' '-output' '/var/folders/pv/snt__jps4z75hwslp14yrbhr0000gp/T/XcodeDistPipeline.~~~IQgl5G/Root/Payload/SkillzApp.app/Frameworks/libswiftos.dylib'
2019-04-17 06:03:17 +0000  /Applications/Xcode.app/Contents/Developer/Toolchains/XcodeDefault.xctoolchain/usr/bin/lipo exited with 0
2019-04-17 06:03:17 +0000  Successfully thinned item "libswiftos.dylib", arch "arm64e"
2019-04-17 06:03:17 +0000  Running /Applications/Xcode.app/Contents/Developer/Toolchains/XcodeDefault.xctoolchain/usr/bin/lipo '/var/folders/pv/snt__jps4z75hwslp14yrbhr0000gp/T/XcodeDistPipeline.~~~IQgl5G/Root/Payload/SkillzApp.app/SkillzApp' '-verify_arch' 'arm64e'
2019-04-17 06:03:17 +0000  /Applications/Xcode.app/Contents/Developer/Toolchains/XcodeDefault.xctoolchain/usr/bin/lipo exited with 1
2019-04-17 06:03:17 +0000  Skipping architecture thinning for item "SkillzApp" because arch "arm64e" wasn't found
2019-04-17 06:03:17 +0000  Processing step: IDEDistributionODRStep
2019-04-17 06:03:17 +0000  Processing step: IDEDistributionStripXattrsStep
2019-04-17 06:03:17 +0000  Skipping stripping extended attributes of item: <IDEDistributionItem: 0x7fea218b4b50 'com.apple.dt.runtime.swiftCore' '<DVTFilePath:0x7fea45456f50:'/Users/gherlihy/Library/Developer/Xcode/Archives/2019-04-16/SkillzApp 4-16-19, 11.00 PM.xcarchive/Products/Applications/SkillzApp.app/Frameworks/libswiftCore.dylib'>'>
2019-04-17 06:03:17 +0000  Skipping stripping extended attributes of item: <IDEDistributionItem: 0x7fea2b515610 'com.apple.dt.runtime.swiftCoreFoundation' '<DVTFilePath:0x7fea40da3340:'/Users/gherlihy/Library/Developer/Xcode/Archives/2019-04-16/SkillzApp 4-16-19, 11.00 PM.xcarchive/Products/Applications/SkillzApp.app/Frameworks/libswiftCoreFoundation.dylib'>'>
2019-04-17 06:03:17 +0000  Skipping stripping extended attributes of item: <IDEDistributionItem: 0x7fea26e2e650 'com.apple.dt.runtime.swiftCoreGraphics' '<DVTFilePath:0x7fea223cc640:'/Users/gherlihy/Library/Developer/Xcode/Archives/2019-04-16/SkillzApp 4-16-19, 11.00 PM.xcarchive/Products/Applications/SkillzApp.app/Frameworks/libswiftCoreGraphics.dylib'>'>
2019-04-17 06:03:17 +0000  Skipping stripping extended attributes of item: <IDEDistributionItem: 0x7fea17e9b020 'com.apple.dt.runtime.swiftCoreImage' '<DVTFilePath:0x7fea22423640:'/Users/gherlihy/Library/Developer/Xcode/Archives/2019-04-16/SkillzApp 4-16-19, 11.00 PM.xcarchive/Products/Applications/SkillzApp.app/Frameworks/libswiftCoreImage.dylib'>'>
2019-04-17 06:03:17 +0000  Skipping stripping extended attributes of item: <IDEDistributionItem: 0x7fea3a143110 'com.apple.dt.runtime.swiftDarwin' '<DVTFilePath:0x7fea209e3600:'/Users/gherlihy/Library/Developer/Xcode/Archives/2019-04-16/SkillzApp 4-16-19, 11.00 PM.xcarchive/Products/Applications/SkillzApp.app/Frameworks/libswiftDarwin.dylib'>'>
2019-04-17 06:03:17 +0000  Skipping stripping extended attributes of item: <IDEDistributionItem: 0x7fea22b3e420 'com.apple.dt.runtime.swiftDispatch' '<DVTFilePath:0x7fea512d3dc0:'/Users/gherlihy/Library/Developer/Xcode/Archives/2019-04-16/SkillzApp 4-16-19, 11.00 PM.xcarchive/Products/Applications/SkillzApp.app/Frameworks/libswiftDispatch.dylib'>'>
2019-04-17 06:03:17 +0000  Skipping stripping extended attributes of item: <IDEDistributionItem: 0x7fea5308aad0 'com.apple.dt.runtime.swiftFoundation' '<DVTFilePath:0x7fea47117980:'/Users/gherlihy/Library/Developer/Xcode/Archives/2019-04-16/SkillzApp 4-16-19, 11.00 PM.xcarchive/Products/Applications/SkillzApp.app/Frameworks/libswiftFoundation.dylib'>'>
2019-04-17 06:03:17 +0000  Skipping stripping extended attributes of item: <IDEDistributionItem: 0x7fea22c8a4b0 'com.apple.dt.runtime.swiftMetal' '<DVTFilePath:0x7fea156608f0:'/Users/gherlihy/Library/Developer/Xcode/Archives/2019-04-16/SkillzApp 4-16-19, 11.00 PM.xcarchive/Products/Applications/SkillzApp.app/Frameworks/libswiftMetal.dylib'>'>
2019-04-17 06:03:17 +0000  Skipping stripping extended attributes of item: <IDEDistributionItem: 0x7fea3557f950 'com.apple.dt.runtime.swiftObjectiveC' '<DVTFilePath:0x7fea220502b0:'/Users/gherlihy/Library/Developer/Xcode/Archives/2019-04-16/SkillzApp 4-16-19, 11.00 PM.xcarchive/Products/Applications/SkillzApp.app/Frameworks/libswiftObjectiveC.dylib'>'>
2019-04-17 06:03:17 +0000  Skipping stripping extended attributes of item: <IDEDistributionItem: 0x7fea20aa0d00 'com.apple.dt.runtime.swiftQuartzCore' '<DVTFilePath:0x7fea20ae8500:'/Users/gherlihy/Library/Developer/Xcode/Archives/2019-04-16/SkillzApp 4-16-19, 11.00 PM.xcarchive/Products/Applications/SkillzApp.app/Frameworks/libswiftQuartzCore.dylib'>'>
2019-04-17 06:03:17 +0000  Skipping stripping extended attributes of item: <IDEDistributionItem: 0x7fea2b0128c0 'com.apple.dt.runtime.swiftUIKit' '<DVTFilePath:0x7fea222f8180:'/Users/gherlihy/Library/Developer/Xcode/Archives/2019-04-16/SkillzApp 4-16-19, 11.00 PM.xcarchive/Products/Applications/SkillzApp.app/Frameworks/libswiftUIKit.dylib'>'>
2019-04-17 06:03:17 +0000  Skipping stripping extended attributes of item: <IDEDistributionItem: 0x7fea41a4b010 'com.apple.dt.runtime.swiftos' '<DVTFilePath:0x7fea40b997e0:'/Users/gherlihy/Library/Developer/Xcode/Archives/2019-04-16/SkillzApp 4-16-19, 11.00 PM.xcarchive/Products/Applications/SkillzApp.app/Frameworks/libswiftos.dylib'>'>
2019-04-17 06:03:17 +0000  Running /usr/bin/xattr '-crs' '/var/folders/pv/snt__jps4z75hwslp14yrbhr0000gp/T/XcodeDistPipeline.~~~IQgl5G/Root/Payload/SkillzApp.app'
2019-04-17 06:03:18 +0000  /usr/bin/xattr exited with 0
2019-04-17 06:03:18 +0000  Processing step: IDEDistributionCodesignStep
2019-04-17 06:03:18 +0000  Entitlements for <IDEDistributionItem: 0x7fea218b4b50 'com.apple.dt.runtime.swiftCore' '<DVTFilePath:0x7fea45456f50:'/Users/gherlihy/Library/Developer/Xcode/Archives/2019-04-16/SkillzApp 4-16-19, 11.00 PM.xcarchive/Products/Applications/SkillzApp.app/Frameworks/libswiftCore.dylib'>'>: {
}
2019-04-17 06:03:18 +0000  Writing entitlements for <IDEDistributionItem: 0x7fea218b4b50 'com.apple.dt.runtime.swiftCore' '<DVTFilePath:0x7fea45456f50:'/Users/gherlihy/Library/Developer/Xcode/Archives/2019-04-16/SkillzApp 4-16-19, 11.00 PM.xcarchive/Products/Applications/SkillzApp.app/Frameworks/libswiftCore.dylib'>'> to: /var/folders/pv/snt__jps4z75hwslp14yrbhr0000gp/T/XcodeDistPipeline.~~~IQgl5G/entitlements~~~W7TNYP
2019-04-17 06:03:18 +0000  Running /usr/bin/codesign '-vvv' '--force' '--sign' '082940F2286E65A68064BC9C6406EAC016C356E4' '--entitlements' '/var/folders/pv/snt__jps4z75hwslp14yrbhr0000gp/T/XcodeDistPipeline.~~~IQgl5G/entitlements~~~W7TNYP' '--preserve-metadata=identifier,flags,runtime' '/var/folders/pv/snt__jps4z75hwslp14yrbhr0000gp/T/XcodeDistPipeline.~~~IQgl5G/Root/Payload/SkillzApp.app/Frameworks/libswiftCore.dylib'
2019-04-17 06:03:18 +0000  /var/folders/pv/snt__jps4z75hwslp14yrbhr0000gp/T/XcodeDistPipeline.~~~IQgl5G/Root/Payload/SkillzApp.app/Frameworks/libswiftCore.dylib: signed Mach-O universal (armv7 armv7s arm64) [com.apple.dt.runtime.swiftCore]
2019-04-17 06:03:18 +0000  /usr/bin/codesign exited with 0
2019-04-17 06:03:18 +0000  Entitlements for <IDEDistributionItem: 0x7fea2b515610 'com.apple.dt.runtime.swiftCoreFoundation' '<DVTFilePath:0x7fea40da3340:'/Users/gherlihy/Library/Developer/Xcode/Archives/2019-04-16/SkillzApp 4-16-19, 11.00 PM.xcarchive/Products/Applications/SkillzApp.app/Frameworks/libswiftCoreFoundation.dylib'>'>: {
}
2019-04-17 06:03:18 +0000  Writing entitlements for <IDEDistributionItem: 0x7fea2b515610 'com.apple.dt.runtime.swiftCoreFoundation' '<DVTFilePath:0x7fea40da3340:'/Users/gherlihy/Library/Developer/Xcode/Archives/2019-04-16/SkillzApp 4-16-19, 11.00 PM.xcarchive/Products/Applications/SkillzApp.app/Frameworks/libswiftCoreFoundation.dylib'>'> to: /var/folders/pv/snt__jps4z75hwslp14yrbhr0000gp/T/XcodeDistPipeline.~~~IQgl5G/entitlements~~~0IFz5i
2019-04-17 06:03:18 +0000  Running /usr/bin/codesign '-vvv' '--force' '--sign' '082940F2286E65A68064BC9C6406EAC016C356E4' '--entitlements' '/var/folders/pv/snt__jps4z75hwslp14yrbhr0000gp/T/XcodeDistPipeline.~~~IQgl5G/entitlements~~~0IFz5i' '--preserve-metadata=identifier,flags,runtime' '/var/folders/pv/snt__jps4z75hwslp14yrbhr0000gp/T/XcodeDistPipeline.~~~IQgl5G/Root/Payload/SkillzApp.app/Frameworks/libswiftCoreFoundation.dylib'
2019-04-17 06:03:18 +0000  /var/folders/pv/snt__jps4z75hwslp14yrbhr0000gp/T/XcodeDistPipeline.~~~IQgl5G/Root/Payload/SkillzApp.app/Frameworks/libswiftCoreFoundation.dylib: signed Mach-O universal (armv7 armv7s arm64) [com.apple.dt.runtime.swiftCoreFoundation]
2019-04-17 06:03:18 +0000  /usr/bin/codesign exited with 0
2019-04-17 06:03:18 +0000  Entitlements for <IDEDistributionItem: 0x7fea26e2e650 'com.apple.dt.runtime.swiftCoreGraphics' '<DVTFilePath:0x7fea223cc640:'/Users/gherlihy/Library/Developer/Xcode/Archives/2019-04-16/SkillzApp 4-16-19, 11.00 PM.xcarchive/Products/Applications/SkillzApp.app/Frameworks/libswiftCoreGraphics.dylib'>'>: {
}
2019-04-17 06:03:18 +0000  Writing entitlements for <IDEDistributionItem: 0x7fea26e2e650 'com.apple.dt.runtime.swiftCoreGraphics' '<DVTFilePath:0x7fea223cc640:'/Users/gherlihy/Library/Developer/Xcode/Archives/2019-04-16/SkillzApp 4-16-19, 11.00 PM.xcarchive/Products/Applications/SkillzApp.app/Frameworks/libswiftCoreGraphics.dylib'>'> to: /var/folders/pv/snt__jps4z75hwslp14yrbhr0000gp/T/XcodeDistPipeline.~~~IQgl5G/entitlements~~~e6Q2lg
2019-04-17 06:03:18 +0000  Running /usr/bin/codesign '-vvv' '--force' '--sign' '082940F2286E65A68064BC9C6406EAC016C356E4' '--entitlements' '/var/folders/pv/snt__jps4z75hwslp14yrbhr0000gp/T/XcodeDistPipeline.~~~IQgl5G/entitlements~~~e6Q2lg' '--preserve-metadata=identifier,flags,runtime' '/var/folders/pv/snt__jps4z75hwslp14yrbhr0000gp/T/XcodeDistPipeline.~~~IQgl5G/Root/Payload/SkillzApp.app/Frameworks/libswiftCoreGraphics.dylib'
2019-04-17 06:03:18 +0000  /var/folders/pv/snt__jps4z75hwslp14yrbhr0000gp/T/XcodeDistPipeline.~~~IQgl5G/Root/Payload/SkillzApp.app/Frameworks/libswiftCoreGraphics.dylib: signed Mach-O universal (armv7 armv7s arm64) [com.apple.dt.runtime.swiftCoreGraphics]
2019-04-17 06:03:18 +0000  /usr/bin/codesign exited with 0
2019-04-17 06:03:18 +0000  Entitlements for <IDEDistributionItem: 0x7fea17e9b020 'com.apple.dt.runtime.swiftCoreImage' '<DVTFilePath:0x7fea22423640:'/Users/gherlihy/Library/Developer/Xcode/Archives/2019-04-16/SkillzApp 4-16-19, 11.00 PM.xcarchive/Products/Applications/SkillzApp.app/Frameworks/libswiftCoreImage.dylib'>'>: {
}
2019-04-17 06:03:18 +0000  Writing entitlements for <IDEDistributionItem: 0x7fea17e9b020 'com.apple.dt.runtime.swiftCoreImage' '<DVTFilePath:0x7fea22423640:'/Users/gherlihy/Library/Developer/Xcode/Archives/2019-04-16/SkillzApp 4-16-19, 11.00 PM.xcarchive/Products/Applications/SkillzApp.app/Frameworks/libswiftCoreImage.dylib'>'> to: /var/folders/pv/snt__jps4z75hwslp14yrbhr0000gp/T/XcodeDistPipeline.~~~IQgl5G/entitlements~~~PGgk58
2019-04-17 06:03:18 +0000  Running /usr/bin/codesign '-vvv' '--force' '--sign' '082940F2286E65A68064BC9C6406EAC016C356E4' '--entitlements' '/var/folders/pv/snt__jps4z75hwslp14yrbhr0000gp/T/XcodeDistPipeline.~~~IQgl5G/entitlements~~~PGgk58' '--preserve-metadata=identifier,flags,runtime' '/var/folders/pv/snt__jps4z75hwslp14yrbhr0000gp/T/XcodeDistPipeline.~~~IQgl5G/Root/Payload/SkillzApp.app/Frameworks/libswiftCoreImage.dylib'
2019-04-17 06:03:18 +0000  /var/folders/pv/snt__jps4z75hwslp14yrbhr0000gp/T/XcodeDistPipeline.~~~IQgl5G/Root/Payload/SkillzApp.app/Frameworks/libswiftCoreImage.dylib: signed Mach-O universal (armv7 armv7s arm64) [com.apple.dt.runtime.swiftCoreImage]
2019-04-17 06:03:18 +0000  /usr/bin/codesign exited with 0
2019-04-17 06:03:18 +0000  Entitlements for <IDEDistributionItem: 0x7fea3a143110 'com.apple.dt.runtime.swiftDarwin' '<DVTFilePath:0x7fea209e3600:'/Users/gherlihy/Library/Developer/Xcode/Archives/2019-04-16/SkillzApp 4-16-19, 11.00 PM.xcarchive/Products/Applications/SkillzApp.app/Frameworks/libswiftDarwin.dylib'>'>: {
}
2019-04-17 06:03:18 +0000  Writing entitlements for <IDEDistributionItem: 0x7fea3a143110 'com.apple.dt.runtime.swiftDarwin' '<DVTFilePath:0x7fea209e3600:'/Users/gherlihy/Library/Developer/Xcode/Archives/2019-04-16/SkillzApp 4-16-19, 11.00 PM.xcarchive/Products/Applications/SkillzApp.app/Frameworks/libswiftDarwin.dylib'>'> to: /var/folders/pv/snt__jps4z75hwslp14yrbhr0000gp/T/XcodeDistPipeline.~~~IQgl5G/entitlements~~~F35uFF
2019-04-17 06:03:18 +0000  Running /usr/bin/codesign '-vvv' '--force' '--sign' '082940F2286E65A68064BC9C6406EAC016C356E4' '--entitlements' '/var/folders/pv/snt__jps4z75hwslp14yrbhr0000gp/T/XcodeDistPipeline.~~~IQgl5G/entitlements~~~F35uFF' '--preserve-metadata=identifier,flags,runtime' '/var/folders/pv/snt__jps4z75hwslp14yrbhr0000gp/T/XcodeDistPipeline.~~~IQgl5G/Root/Payload/SkillzApp.app/Frameworks/libswiftDarwin.dylib'
2019-04-17 06:03:18 +0000  /var/folders/pv/snt__jps4z75hwslp14yrbhr0000gp/T/XcodeDistPipeline.~~~IQgl5G/Root/Payload/SkillzApp.app/Frameworks/libswiftDarwin.dylib: signed Mach-O universal (armv7 armv7s arm64) [com.apple.dt.runtime.swiftDarwin]
2019-04-17 06:03:18 +0000  /usr/bin/codesign exited with 0
2019-04-17 06:03:18 +0000  Entitlements for <IDEDistributionItem: 0x7fea22b3e420 'com.apple.dt.runtime.swiftDispatch' '<DVTFilePath:0x7fea512d3dc0:'/Users/gherlihy/Library/Developer/Xcode/Archives/2019-04-16/SkillzApp 4-16-19, 11.00 PM.xcarchive/Products/Applications/SkillzApp.app/Frameworks/libswiftDispatch.dylib'>'>: {
}
2019-04-17 06:03:18 +0000  Writing entitlements for <IDEDistributionItem: 0x7fea22b3e420 'com.apple.dt.runtime.swiftDispatch' '<DVTFilePath:0x7fea512d3dc0:'/Users/gherlihy/Library/Developer/Xcode/Archives/2019-04-16/SkillzApp 4-16-19, 11.00 PM.xcarchive/Products/Applications/SkillzApp.app/Frameworks/libswiftDispatch.dylib'>'> to: /var/folders/pv/snt__jps4z75hwslp14yrbhr0000gp/T/XcodeDistPipeline.~~~IQgl5G/entitlements~~~BDQggl
2019-04-17 06:03:18 +0000  Running /usr/bin/codesign '-vvv' '--force' '--sign' '082940F2286E65A68064BC9C6406EAC016C356E4' '--entitlements' '/var/folders/pv/snt__jps4z75hwslp14yrbhr0000gp/T/XcodeDistPipeline.~~~IQgl5G/entitlements~~~BDQggl' '--preserve-metadata=identifier,flags,runtime' '/var/folders/pv/snt__jps4z75hwslp14yrbhr0000gp/T/XcodeDistPipeline.~~~IQgl5G/Root/Payload/SkillzApp.app/Frameworks/libswiftDispatch.dylib'
2019-04-17 06:03:18 +0000  /var/folders/pv/snt__jps4z75hwslp14yrbhr0000gp/T/XcodeDistPipeline.~~~IQgl5G/Root/Payload/SkillzApp.app/Frameworks/libswiftDispatch.dylib: signed Mach-O universal (armv7 armv7s arm64) [com.apple.dt.runtime.swiftDispatch]
2019-04-17 06:03:18 +0000  /usr/bin/codesign exited with 0
2019-04-17 06:03:18 +0000  Entitlements for <IDEDistributionItem: 0x7fea5308aad0 'com.apple.dt.runtime.swiftFoundation' '<DVTFilePath:0x7fea47117980:'/Users/gherlihy/Library/Developer/Xcode/Archives/2019-04-16/SkillzApp 4-16-19, 11.00 PM.xcarchive/Products/Applications/SkillzApp.app/Frameworks/libswiftFoundation.dylib'>'>: {
}
2019-04-17 06:03:18 +0000  Writing entitlements for <IDEDistributionItem: 0x7fea5308aad0 'com.apple.dt.runtime.swiftFoundation' '<DVTFilePath:0x7fea47117980:'/Users/gherlihy/Library/Developer/Xcode/Archives/2019-04-16/SkillzApp 4-16-19, 11.00 PM.xcarchive/Products/Applications/SkillzApp.app/Frameworks/libswiftFoundation.dylib'>'> to: /var/folders/pv/snt__jps4z75hwslp14yrbhr0000gp/T/XcodeDistPipeline.~~~IQgl5G/entitlements~~~yrBP4z
2019-04-17 06:03:18 +0000  Running /usr/bin/codesign '-vvv' '--force' '--sign' '082940F2286E65A68064BC9C6406EAC016C356E4' '--entitlements' '/var/folders/pv/snt__jps4z75hwslp14yrbhr0000gp/T/XcodeDistPipeline.~~~IQgl5G/entitlements~~~yrBP4z' '--preserve-metadata=identifier,flags,runtime' '/var/folders/pv/snt__jps4z75hwslp14yrbhr0000gp/T/XcodeDistPipeline.~~~IQgl5G/Root/Payload/SkillzApp.app/Frameworks/libswiftFoundation.dylib'
2019-04-17 06:03:19 +0000  /var/folders/pv/snt__jps4z75hwslp14yrbhr0000gp/T/XcodeDistPipeline.~~~IQgl5G/Root/Payload/SkillzApp.app/Frameworks/libswiftFoundation.dylib: signed Mach-O universal (armv7 armv7s arm64) [com.apple.dt.runtime.swiftFoundation]
2019-04-17 06:03:19 +0000  /usr/bin/codesign exited with 0
2019-04-17 06:03:19 +0000  Entitlements for <IDEDistributionItem: 0x7fea22c8a4b0 'com.apple.dt.runtime.swiftMetal' '<DVTFilePath:0x7fea156608f0:'/Users/gherlihy/Library/Developer/Xcode/Archives/2019-04-16/SkillzApp 4-16-19, 11.00 PM.xcarchive/Products/Applications/SkillzApp.app/Frameworks/libswiftMetal.dylib'>'>: {
}
2019-04-17 06:03:19 +0000  Writing entitlements for <IDEDistributionItem: 0x7fea22c8a4b0 'com.apple.dt.runtime.swiftMetal' '<DVTFilePath:0x7fea156608f0:'/Users/gherlihy/Library/Developer/Xcode/Archives/2019-04-16/SkillzApp 4-16-19, 11.00 PM.xcarchive/Products/Applications/SkillzApp.app/Frameworks/libswiftMetal.dylib'>'> to: /var/folders/pv/snt__jps4z75hwslp14yrbhr0000gp/T/XcodeDistPipeline.~~~IQgl5G/entitlements~~~NUNe9c
2019-04-17 06:03:19 +0000  Running /usr/bin/codesign '-vvv' '--force' '--sign' '082940F2286E65A68064BC9C6406EAC016C356E4' '--entitlements' '/var/folders/pv/snt__jps4z75hwslp14yrbhr0000gp/T/XcodeDistPipeline.~~~IQgl5G/entitlements~~~NUNe9c' '--preserve-metadata=identifier,flags,runtime' '/var/folders/pv/snt__jps4z75hwslp14yrbhr0000gp/T/XcodeDistPipeline.~~~IQgl5G/Root/Payload/SkillzApp.app/Frameworks/libswiftMetal.dylib'
2019-04-17 06:03:19 +0000  /var/folders/pv/snt__jps4z75hwslp14yrbhr0000gp/T/XcodeDistPipeline.~~~IQgl5G/Root/Payload/SkillzApp.app/Frameworks/libswiftMetal.dylib: signed Mach-O universal (armv7 armv7s arm64) [com.apple.dt.runtime.swiftMetal]
2019-04-17 06:03:19 +0000  /usr/bin/codesign exited with 0
2019-04-17 06:03:19 +0000  Entitlements for <IDEDistributionItem: 0x7fea3557f950 'com.apple.dt.runtime.swiftObjectiveC' '<DVTFilePath:0x7fea220502b0:'/Users/gherlihy/Library/Developer/Xcode/Archives/2019-04-16/SkillzApp 4-16-19, 11.00 PM.xcarchive/Products/Applications/SkillzApp.app/Frameworks/libswiftObjectiveC.dylib'>'>: {
}
2019-04-17 06:03:19 +0000  Writing entitlements for <IDEDistributionItem: 0x7fea3557f950 'com.apple.dt.runtime.swiftObjectiveC' '<DVTFilePath:0x7fea220502b0:'/Users/gherlihy/Library/Developer/Xcode/Archives/2019-04-16/SkillzApp 4-16-19, 11.00 PM.xcarchive/Products/Applications/SkillzApp.app/Frameworks/libswiftObjectiveC.dylib'>'> to: /var/folders/pv/snt__jps4z75hwslp14yrbhr0000gp/T/XcodeDistPipeline.~~~IQgl5G/entitlements~~~Igphpt
2019-04-17 06:03:19 +0000  Running /usr/bin/codesign '-vvv' '--force' '--sign' '082940F2286E65A68064BC9C6406EAC016C356E4' '--entitlements' '/var/folders/pv/snt__jps4z75hwslp14yrbhr0000gp/T/XcodeDistPipeline.~~~IQgl5G/entitlements~~~Igphpt' '--preserve-metadata=identifier,flags,runtime' '/var/folders/pv/snt__jps4z75hwslp14yrbhr0000gp/T/XcodeDistPipeline.~~~IQgl5G/Root/Payload/SkillzApp.app/Frameworks/libswiftObjectiveC.dylib'
2019-04-17 06:03:19 +0000  /var/folders/pv/snt__jps4z75hwslp14yrbhr0000gp/T/XcodeDistPipeline.~~~IQgl5G/Root/Payload/SkillzApp.app/Frameworks/libswiftObjectiveC.dylib: signed Mach-O universal (armv7 armv7s arm64) [com.apple.dt.runtime.swiftObjectiveC]
2019-04-17 06:03:19 +0000  /usr/bin/codesign exited with 0
2019-04-17 06:03:19 +0000  Entitlements for <IDEDistributionItem: 0x7fea20aa0d00 'com.apple.dt.runtime.swiftQuartzCore' '<DVTFilePath:0x7fea20ae8500:'/Users/gherlihy/Library/Developer/Xcode/Archives/2019-04-16/SkillzApp 4-16-19, 11.00 PM.xcarchive/Products/Applications/SkillzApp.app/Frameworks/libswiftQuartzCore.dylib'>'>: {
}
2019-04-17 06:03:19 +0000  Writing entitlements for <IDEDistributionItem: 0x7fea20aa0d00 'com.apple.dt.runtime.swiftQuartzCore' '<DVTFilePath:0x7fea20ae8500:'/Users/gherlihy/Library/Developer/Xcode/Archives/2019-04-16/SkillzApp 4-16-19, 11.00 PM.xcarchive/Products/Applications/SkillzApp.app/Frameworks/libswiftQuartzCore.dylib'>'> to: /var/folders/pv/snt__jps4z75hwslp14yrbhr0000gp/T/XcodeDistPipeline.~~~IQgl5G/entitlements~~~RHEwbx
2019-04-17 06:03:19 +0000  Running /usr/bin/codesign '-vvv' '--force' '--sign' '082940F2286E65A68064BC9C6406EAC016C356E4' '--entitlements' '/var/folders/pv/snt__jps4z75hwslp14yrbhr0000gp/T/XcodeDistPipeline.~~~IQgl5G/entitlements~~~RHEwbx' '--preserve-metadata=identifier,flags,runtime' '/var/folders/pv/snt__jps4z75hwslp14yrbhr0000gp/T/XcodeDistPipeline.~~~IQgl5G/Root/Payload/SkillzApp.app/Frameworks/libswiftQuartzCore.dylib'
2019-04-17 06:03:19 +0000  /var/folders/pv/snt__jps4z75hwslp14yrbhr0000gp/T/XcodeDistPipeline.~~~IQgl5G/Root/Payload/SkillzApp.app/Frameworks/libswiftQuartzCore.dylib: signed Mach-O universal (armv7 armv7s arm64) [com.apple.dt.runtime.swiftQuartzCore]
2019-04-17 06:03:19 +0000  /usr/bin/codesign exited with 0
2019-04-17 06:03:19 +0000  Entitlements for <IDEDistributionItem: 0x7fea2b0128c0 'com.apple.dt.runtime.swiftUIKit' '<DVTFilePath:0x7fea222f8180:'/Users/gherlihy/Library/Developer/Xcode/Archives/2019-04-16/SkillzApp 4-16-19, 11.00 PM.xcarchive/Products/Applications/SkillzApp.app/Frameworks/libswiftUIKit.dylib'>'>: {
}
2019-04-17 06:03:19 +0000  Writing entitlements for <IDEDistributionItem: 0x7fea2b0128c0 'com.apple.dt.runtime.swiftUIKit' '<DVTFilePath:0x7fea222f8180:'/Users/gherlihy/Library/Developer/Xcode/Archives/2019-04-16/SkillzApp 4-16-19, 11.00 PM.xcarchive/Products/Applications/SkillzApp.app/Frameworks/libswiftUIKit.dylib'>'> to: /var/folders/pv/snt__jps4z75hwslp14yrbhr0000gp/T/XcodeDistPipeline.~~~IQgl5G/entitlements~~~JfJgEo
2019-04-17 06:03:19 +0000  Running /usr/bin/codesign '-vvv' '--force' '--sign' '082940F2286E65A68064BC9C6406EAC016C356E4' '--entitlements' '/var/folders/pv/snt__jps4z75hwslp14yrbhr0000gp/T/XcodeDistPipeline.~~~IQgl5G/entitlements~~~JfJgEo' '--preserve-metadata=identifier,flags,runtime' '/var/folders/pv/snt__jps4z75hwslp14yrbhr0000gp/T/XcodeDistPipeline.~~~IQgl5G/Root/Payload/SkillzApp.app/Frameworks/libswiftUIKit.dylib'
2019-04-17 06:03:19 +0000  /var/folders/pv/snt__jps4z75hwslp14yrbhr0000gp/T/XcodeDistPipeline.~~~IQgl5G/Root/Payload/SkillzApp.app/Frameworks/libswiftUIKit.dylib: signed Mach-O universal (armv7 armv7s arm64) [com.apple.dt.runtime.swiftUIKit]
2019-04-17 06:03:19 +0000  /usr/bin/codesign exited with 0
2019-04-17 06:03:19 +0000  Entitlements for <IDEDistributionItem: 0x7fea41a4b010 'com.apple.dt.runtime.swiftos' '<DVTFilePath:0x7fea40b997e0:'/Users/gherlihy/Library/Developer/Xcode/Archives/2019-04-16/SkillzApp 4-16-19, 11.00 PM.xcarchive/Products/Applications/SkillzApp.app/Frameworks/libswiftos.dylib'>'>: {
}
2019-04-17 06:03:19 +0000  Writing entitlements for <IDEDistributionItem: 0x7fea41a4b010 'com.apple.dt.runtime.swiftos' '<DVTFilePath:0x7fea40b997e0:'/Users/gherlihy/Library/Developer/Xcode/Archives/2019-04-16/SkillzApp 4-16-19, 11.00 PM.xcarchive/Products/Applications/SkillzApp.app/Frameworks/libswiftos.dylib'>'> to: /var/folders/pv/snt__jps4z75hwslp14yrbhr0000gp/T/XcodeDistPipeline.~~~IQgl5G/entitlements~~~FlxD8c
2019-04-17 06:03:19 +0000  Running /usr/bin/codesign '-vvv' '--force' '--sign' '082940F2286E65A68064BC9C6406EAC016C356E4' '--entitlements' '/var/folders/pv/snt__jps4z75hwslp14yrbhr0000gp/T/XcodeDistPipeline.~~~IQgl5G/entitlements~~~FlxD8c' '--preserve-metadata=identifier,flags,runtime' '/var/folders/pv/snt__jps4z75hwslp14yrbhr0000gp/T/XcodeDistPipeline.~~~IQgl5G/Root/Payload/SkillzApp.app/Frameworks/libswiftos.dylib'
2019-04-17 06:03:19 +0000  /var/folders/pv/snt__jps4z75hwslp14yrbhr0000gp/T/XcodeDistPipeline.~~~IQgl5G/Root/Payload/SkillzApp.app/Frameworks/libswiftos.dylib: signed Mach-O universal (armv7 armv7s arm64) [com.apple.dt.runtime.swiftos]
2019-04-17 06:03:19 +0000  /usr/bin/codesign exited with 0
2019-04-17 06:03:19 +0000  Entitlements for <IDEDistributionItem: 0x7fea20030fe0 'com.skillz.enterprise.3Dcaverunne' '<DVTFilePath:0x7fea4c9db5a0:'/Users/gherlihy/Library/Developer/Xcode/Archives/2019-04-16/SkillzApp 4-16-19, 11.00 PM.xcarchive/Products/Applications/SkillzApp.app'>'>: {
    "application-identifier" = "ST3D4JRYHA.com.skillz.enterprise.3Dcaverunne";
    "com.apple.developer.team-identifier" = ST3D4JRYHA;
    "get-task-allow" = 1;
    "keychain-access-groups" =     (
        "ST3D4JRYHA.com.skillz.enterprise.3Dcaverunne"
    );
}
2019-04-17 06:03:19 +0000  Writing entitlements for <IDEDistributionItem: 0x7fea20030fe0 'com.skillz.enterprise.3Dcaverunne' '<DVTFilePath:0x7fea4c9db5a0:'/Users/gherlihy/Library/Developer/Xcode/Archives/2019-04-16/SkillzApp 4-16-19, 11.00 PM.xcarchive/Products/Applications/SkillzApp.app'>'> to: /var/folders/pv/snt__jps4z75hwslp14yrbhr0000gp/T/XcodeDistPipeline.~~~IQgl5G/entitlements~~~x4pZn1
2019-04-17 06:03:19 +0000  Running /usr/bin/codesign '-vvv' '--force' '--sign' '082940F2286E65A68064BC9C6406EAC016C356E4' '--entitlements' '/var/folders/pv/snt__jps4z75hwslp14yrbhr0000gp/T/XcodeDistPipeline.~~~IQgl5G/entitlements~~~x4pZn1' '--preserve-metadata=identifier,flags,runtime' '/var/folders/pv/snt__jps4z75hwslp14yrbhr0000gp/T/XcodeDistPipeline.~~~IQgl5G/Root/Payload/SkillzApp.app'
2019-04-17 06:03:19 +0000  /var/folders/pv/snt__jps4z75hwslp14yrbhr0000gp/T/XcodeDistPipeline.~~~IQgl5G/Root/Payload/SkillzApp.app: signed app bundle with Mach-O thin (arm64) [com.skillz.enterprise.3Dcaverunne]
2019-04-17 06:03:19 +0000  /usr/bin/codesign exited with 0
2019-04-17 06:03:19 +0000  Processing step: IDEDistributionZipODRItemStep
2019-04-17 06:03:19 +0000  Skipping step: IDEDistributionZipODRItemStep because it said so
2019-04-17 06:03:19 +0000  Skipping step: IDEDistributionZipODRItemStep because it said so
2019-04-17 06:03:19 +0000  Skipping step: IDEDistributionZipODRItemStep because it said so
2019-04-17 06:03:19 +0000  Skipping step: IDEDistributionZipODRItemStep because it said so
2019-04-17 06:03:19 +0000  Skipping step: IDEDistributionZipODRItemStep because it said so
2019-04-17 06:03:19 +0000  Skipping step: IDEDistributionZipODRItemStep because it said so
2019-04-17 06:03:19 +0000  Skipping step: IDEDistributionZipODRItemStep because it said so
2019-04-17 06:03:19 +0000  Skipping step: IDEDistributionZipODRItemStep because it said so
2019-04-17 06:03:19 +0000  Skipping step: IDEDistributionZipODRItemStep because it said so
2019-04-17 06:03:19 +0000  Skipping step: IDEDistributionZipODRItemStep because it said so
2019-04-17 06:03:19 +0000  Skipping step: IDEDistributionZipODRItemStep because it said so
2019-04-17 06:03:19 +0000  Skipping step: IDEDistributionZipODRItemStep because it said so
2019-04-17 06:03:19 +0000  Skipping step: IDEDistributionZipODRItemStep because it said so
2019-04-17 06:03:19 +0000  Processing step: IDEDistributionCreateIPAStep
2019-04-17 06:03:19 +0000  Running /usr/bin/ditto '-V' '-c' '-k' '--norsrc' '/var/folders/pv/snt__jps4z75hwslp14yrbhr0000gp/T/XcodeDistPipeline.~~~IQgl5G/Root' '/var/folders/pv/snt__jps4z75hwslp14yrbhr0000gp/T/XcodeDistPipeline.~~~IQgl5G/Packages/SkillzApp.ipa'
2019-04-17 06:03:19 +0000  >>> Copying /var/folders/pv/snt__jps4z75hwslp14yrbhr0000gp/T/XcodeDistPipeline.~~~IQgl5G/Root 
2019-04-17 06:03:19 +0000  copying file ./Payload/SkillzApp.app/_CodeSignature/CodeResources ... 
2019-04-17 06:03:19 +0000  7787 bytes for ./Payload/SkillzApp.app/_CodeSignature/CodeResources
copying file ./Payload/SkillzApp.app/LICENSE.md ... 
2019-04-17 06:03:19 +0000  1078 bytes for ./Payload/SkillzApp.app/LICENSE.md
copying file ./Payload/SkillzApp.app/AppIcon60x60@2x.png ... 
2019-04-17 06:03:19 +0000  933 bytes for ./Payload/SkillzApp.app/AppIcon60x60@2x.png
2019-04-17 06:03:19 +0000  copying file ./Payload/SkillzApp.app/Base.lproj/Main.storyboardc/UIViewController-BYZ-38-t0r.nib ... 
2019-04-17 06:03:19 +0000  1499 bytes for ./Payload/SkillzApp.app/Base.lproj/Main.storyboardc/UIViewController-BYZ-38-t0r.nib
copying file ./Payload/SkillzApp.app/Base.lproj/Main.storyboardc/BYZ-38-t0r-view-8bC-Xf-vdC.nib ... 
2019-04-17 06:03:19 +0000  10456 bytes for ./Payload/SkillzApp.app/Base.lproj/Main.storyboardc/BYZ-38-t0r-view-8bC-Xf-vdC.nib
2019-04-17 06:03:19 +0000  copying file ./Payload/SkillzApp.app/Base.lproj/Main.storyboardc/Info.plist ... 
258 bytes for ./Payload/SkillzApp.app/Base.lproj/Main.storyboardc/Info.plist
2019-04-17 06:03:19 +0000  copying file ./Payload/SkillzApp.app/Base.lproj/LaunchScreen.storyboardc/01J-lp-oVM-view-Ze5-6b-2t3.nib ... 
2019-04-17 06:03:19 +0000  1149 bytes for ./Payload/SkillzApp.app/Base.lproj/LaunchScreen.storyboardc/01J-lp-oVM-view-Ze5-6b-2t3.nib
copying file ./Payload/SkillzApp.app/Base.lproj/LaunchScreen.storyboardc/UIViewController-01J-lp-oVM.nib ... 
2019-04-17 06:03:19 +0000  832 bytes for ./Payload/SkillzApp.app/Base.lproj/LaunchScreen.storyboardc/UIViewController-01J-lp-oVM.nib
copying file ./Payload/SkillzApp.app/Base.lproj/LaunchScreen.storyboardc/Info.plist ... 
2019-04-17 06:03:19 +0000  258 bytes for ./Payload/SkillzApp.app/Base.lproj/LaunchScreen.storyboardc/Info.plist
copying file ./Payload/SkillzApp.app/Assets.car ... 
2019-04-17 06:03:19 +0000  471512 bytes for ./Payload/SkillzApp.app/Assets.car
copying file ./Payload/SkillzApp.app/AppIcon76x76@2x~ipad.png ... 
2019-04-17 06:03:19 +0000  968 bytes for ./Payload/SkillzApp.app/AppIcon76x76@2x~ipad.png
copying file ./Payload/SkillzApp.app/SkillzApp ... 
2019-04-17 06:03:19 +0000  118976 bytes for ./Payload/SkillzApp.app/SkillzApp
2019-04-17 06:03:19 +0000  copying file ./Payload/SkillzApp.app/Frameworks/libswiftCoreImage.dylib ... 
2019-04-17 06:03:19 +0000  253648 bytes for ./Payload/SkillzApp.app/Frameworks/libswiftCoreImage.dylib
2019-04-17 06:03:19 +0000  copying file ./Payload/SkillzApp.app/Frameworks/libswiftObjectiveC.dylib ... 
2019-04-17 06:03:19 +0000  302640 bytes for ./Payload/SkillzApp.app/Frameworks/libswiftObjectiveC.dylib
2019-04-17 06:03:19 +0000  copying file ./Payload/SkillzApp.app/Frameworks/libswiftCore.dylib ... 
2019-04-17 06:03:20 +0000  16915040 bytes for ./Payload/SkillzApp.app/Frameworks/libswiftCore.dylib
copying file ./Payload/SkillzApp.app/Frameworks/libswiftCoreGraphics.dylib ... 
2019-04-17 06:03:20 +0000  646848 bytes for ./Payload/SkillzApp.app/Frameworks/libswiftCoreGraphics.dylib
2019-04-17 06:03:20 +0000  copying file ./Payload/SkillzApp.app/Frameworks/libswiftUIKit.dylib ... 
2019-04-17 06:03:20 +0000  477152 bytes for ./Payload/SkillzApp.app/Frameworks/libswiftUIKit.dylib
2019-04-17 06:03:20 +0000  copying file ./Payload/SkillzApp.app/Frameworks/libswiftMetal.dylib ... 
2019-04-17 06:03:20 +0000  298096 bytes for ./Payload/SkillzApp.app/Frameworks/libswiftMetal.dylib
2019-04-17 06:03:20 +0000  copying file ./Payload/SkillzApp.app/Frameworks/libswiftDispatch.dylib ... 
2019-04-17 06:03:20 +0000  1018912 bytes for ./Payload/SkillzApp.app/Frameworks/libswiftDispatch.dylib
2019-04-17 06:03:20 +0000  copying file ./Payload/SkillzApp.app/Frameworks/libswiftos.dylib ... 
2019-04-17 06:03:20 +0000  299424 bytes for ./Payload/SkillzApp.app/Frameworks/libswiftos.dylib
2019-04-17 06:03:20 +0000  copying file ./Payload/SkillzApp.app/Frameworks/libswiftCoreFoundation.dylib ... 
2019-04-17 06:03:20 +0000  253792 bytes for ./Payload/SkillzApp.app/Frameworks/libswiftCoreFoundation.dylib
2019-04-17 06:03:20 +0000  copying file ./Payload/SkillzApp.app/Frameworks/libswiftDarwin.dylib ... 
2019-04-17 06:03:20 +0000  369728 bytes for ./Payload/SkillzApp.app/Frameworks/libswiftDarwin.dylib
2019-04-17 06:03:20 +0000  copying file ./Payload/SkillzApp.app/Frameworks/libswiftQuartzCore.dylib ... 
2019-04-17 06:03:20 +0000  256864 bytes for ./Payload/SkillzApp.app/Frameworks/libswiftQuartzCore.dylib
2019-04-17 06:03:20 +0000  copying file ./Payload/SkillzApp.app/Frameworks/libswiftFoundation.dylib ... 
2019-04-17 06:03:20 +0000  8479552 bytes for ./Payload/SkillzApp.app/Frameworks/libswiftFoundation.dylib
2019-04-17 06:03:20 +0000  copying file ./Payload/SkillzApp.app/embedded.mobileprovision ... 
2019-04-17 06:03:20 +0000  29990 bytes for ./Payload/SkillzApp.app/embedded.mobileprovision
copying file ./Payload/SkillzApp.app/Info.plist ... 
2019-04-17 06:03:20 +0000  1520 bytes for ./Payload/SkillzApp.app/Info.plist
copying file ./Payload/SkillzApp.app/PkgInfo ... 
8 bytes for ./Payload/SkillzApp.app/PkgInfo
copying file ./AppThinning.plist ... 
2019-04-17 06:03:20 +0000  228 bytes for ./AppThinning.plist
2019-04-17 06:03:20 +0000  /usr/bin/ditto exited with 0
2019-04-17 06:03:20 +0000  Processing step: IDEDistributionAppStoreInformationStep
2019-04-17 06:03:20 +0000  Skipping step: IDEDistributionAppStoreInformationStep because it said so
2019-04-17 06:03:20 +0000  Processing step: IDEDistributionCreateManifestStep
